1566745471.350313 client started (9199): version 2.9a, socket /tmp//tmux-501/default, protocol 8
1566745471.350375 on Darwin 18.7.0 Darwin Kernel Version 18.7.0: Thu Jun 20 18:42:21 PDT 2019; root:xnu-4903.270.47~4/RELEASE_X86_64; libevent 2.1.11-stable (select)
1566745471.350419 socket is /tmp//tmux-501/default
1566745471.350440 trying connect
1566745471.350522 add peer 0x107cd2000: 6 (0x0)
1566745471.352126 sending message 100 to peer 0x107cd2000 (4 bytes)
1566745471.352159 sending message 101 to peer 0x107cd2000 (16 bytes)
1566745471.352172 sending message 102 to peer 0x107cd2000 (13 bytes)
1566745471.352183 sending message 108 to peer 0x107cd2000 (24 bytes)
1566745471.352203 sending message 104 to peer 0x107cd2000 (0 bytes)
1566745471.352214 sending message 107 to peer 0x107cd2000 (4 bytes)
1566745471.352224 sending message 105 to peer 0x107cd2000 (29 bytes)
1566745471.352234 sending message 105 to peer 0x107cd2000 (16 bytes)
1566745471.352245 sending message 105 to peer 0x107cd2000 (21 bytes)
1566745471.352256 sending message 105 to peer 0x107cd2000 (50 bytes)
1566745471.352266 sending message 105 to peer 0x107cd2000 (57 bytes)
1566745471.352277 sending message 105 to peer 0x107cd2000 (29 bytes)
1566745471.352288 sending message 105 to peer 0x107cd2000 (76 bytes)
1566745471.352298 sending message 105 to peer 0x107cd2000 (773 bytes)
1566745471.352310 sending message 105 to peer 0x107cd2000 (28 bytes)
1566745471.352321 sending message 105 to peer 0x107cd2000 (47 bytes)
1566745471.352332 sending message 105 to peer 0x107cd2000 (18 bytes)
1566745471.352343 sending message 105 to peer 0x107cd2000 (13 bytes)
1566745471.352353 sending message 105 to peer 0x107cd2000 (21 bytes)
1566745471.352364 sending message 105 to peer 0x107cd2000 (49 bytes)
1566745471.352375 sending message 105 to peer 0x107cd2000 (21 bytes)
1566745471.352412 sending message 105 to peer 0x107cd2000 (83 bytes)
1566745471.352435 sending message 105 to peer 0x107cd2000 (66 bytes)
1566745471.352448 sending message 105 to peer 0x107cd2000 (38 bytes)
1566745471.352458 sending message 105 to peer 0x107cd2000 (30 bytes)
1566745471.352469 sending message 105 to peer 0x107cd2000 (36 bytes)
1566745471.352479 sending message 105 to peer 0x107cd2000 (35 bytes)
1566745471.352491 sending message 105 to peer 0x107cd2000 (21 bytes)
1566745471.352503 sending message 105 to peer 0x107cd2000 (10 bytes)
1566745471.352513 sending message 105 to peer 0x107cd2000 (68 bytes)
1566745471.352524 sending message 105 to peer 0x107cd2000 (331 bytes)
1566745471.352535 sending message 105 to peer 0x107cd2000 (28 bytes)
1566745471.352546 sending message 105 to peer 0x107cd2000 (75 bytes)
1566745471.352557 sending message 105 to peer 0x107cd2000 (17 bytes)
1566745471.352568 sending message 105 to peer 0x107cd2000 (35 bytes)
1566745471.352579 sending message 105 to peer 0x107cd2000 (13 bytes)
1566745471.352590 sending message 105 to peer 0x107cd2000 (14 bytes)
1566745471.352601 sending message 105 to peer 0x107cd2000 (25 bytes)
1566745471.352612 sending message 105 to peer 0x107cd2000 (36 bytes)
1566745471.352623 sending message 105 to peer 0x107cd2000 (38 bytes)
1566745471.352641 sending message 105 to peer 0x107cd2000 (42 bytes)
1566745471.352653 sending message 105 to peer 0x107cd2000 (19 bytes)
1566745471.352665 sending message 105 to peer 0x107cd2000 (20 bytes)
1566745471.352676 sending message 105 to peer 0x107cd2000 (8 bytes)
1566745471.352687 sending message 105 to peer 0x107cd2000 (44 bytes)
1566745471.352698 sending message 105 to peer 0x107cd2000 (40 bytes)
1566745471.352709 sending message 105 to peer 0x107cd2000 (17 bytes)
1566745471.352720 sending message 105 to peer 0x107cd2000 (16 bytes)
1566745471.352731 sending message 105 to peer 0x107cd2000 (55 bytes)
1566745471.352741 sending message 105 to peer 0x107cd2000 (46 bytes)
1566745471.352752 sending message 105 to peer 0x107cd2000 (33 bytes)
1566745471.352764 sending message 105 to peer 0x107cd2000 (17 bytes)
1566745471.352776 sending message 105 to peer 0x107cd2000 (75 bytes)
1566745471.352787 sending message 105 to peer 0x107cd2000 (51 bytes)
1566745471.352815 sending message 105 to peer 0x107cd2000 (20 bytes)
1566745471.352823 sending message 105 to peer 0x107cd2000 (22 bytes)
1566745471.352831 sending message 106 to peer 0x107cd2000 (0 bytes)
1566745471.352844 sending message 200 to peer 0x107cd2000 (4 bytes)
1566745471.352851 client loop enter
1566745471.353175 peer 0x107cd2000 message 211
1566745471.353200 client_write: sessions should be nested with care, unset $TMUX to force\n
1566745471.353230 peer 0x107cd2000 message 203
1566745471.353240 client loop exit
